<?xml version="1.0" encoding="UTF-8"?>
<!-- Generated by org.testng.reporters.JUnitXMLReporter -->
<testsuite hostname="DESKTOP-727A0UM" ignored="1" name="Default test" tests="2" failures="0" timestamp="16 Jun 2019 07:31:20 GMT" time="0.055" errors="0">
  <testcase name="Stringoperstion" time="0.014" classname="TamploScript.TamploAutoScript.App"/>
  <testcase name="Testone" time="0.005" classname="TamploScript.TamploAutoScript.App"/>
  <testcase name="test2" time="0.0" classname="TamploScript.TamploAutoScript.App">
    <ignored/>
  </testcase> <!-- test2 -->
</testsuite> <!-- Default test -->
