<?xml version="1.0" encoding="UTF-8"?>
<testng-results skipped="0" failed="0" ignored="1" total="3" passed="2">
  <reporter-output>
  </reporter-output>
  <suite name="Default suite" duration-ms="55" started-at="2019-06-16T07:31:20Z" finished-at="2019-06-16T07:31:20Z">
    <groups>
    </groups>
    <test name="Default test" duration-ms="55" started-at="2019-06-16T07:31:20Z" finished-at="2019-06-16T07:31:20Z">
      <class name="TamploScript.TamploAutoScript.App">
        <test-method status="PASS" signature="Stringoperstion()[pri:0, instance:TamploScript.TamploAutoScript.App@29774679]" name="Stringoperstion" duration-ms="14" started-at="2019-06-16T13:01:20Z" finished-at="2019-06-16T13:01:20Z">
          <reporter-output>
          </reporter-output>
        </test-method> <!-- Stringoperstion -->
        <test-method status="PASS" signature="Testone()[pri:0, instance:TamploScript.TamploAutoScript.App@29774679]" name="Testone" duration-ms="5" started-at="2019-06-16T13:01:20Z" finished-at="2019-06-16T13:01:20Z">
          <reporter-output>
          </reporter-output>
        </test-method> <!-- Testone -->
      </class> <!-- TamploScript.TamploAutoScript.App -->
    </test> <!-- Default test -->
  </suite> <!-- Default suite -->
</testng-results>
